<html>
<head>
<title>TestNG:  Default test</title>
<link href="../testng.css" rel="stylesheet" type="text/css" />
<link href="../my-testng.css" rel="stylesheet" type="text/css" />

<style type="text/css">
.log { display: none;} 
.stack-trace { display: none;} 
</style>
<script type="text/javascript">
<!--
function flip(e) {
  current = e.style.display;
  if (current == 'block') {
    e.style.display = 'none';
    return 0;
  }
  else {
    e.style.display = 'block';
    return 1;
  }
}

function toggleBox(szDivId, elem, msg1, msg2)
{
  var res = -1;  if (document.getElementById) {
    res = flip(document.getElementById(szDivId));
  }
  else if (document.all) {
    // this is the way old msie versions work
    res = flip(document.all[szDivId]);
  }
  if(elem) {
    if(res == 0) elem.innerHTML = msg1; else elem.innerHTML = msg2;
  }

}

function toggleAllBoxes() {
  if (document.getElementsByTagName) {
    d = document.getElementsByTagName('div');
    for (i = 0; i < d.length; i++) {
      if (d[i].className == 'log') {
        flip(d[i]);
      }
    }
  }
}

// -->
</script>

</head>
<body>
<h2 align='center'>Default test</h2><table border='1' align="center">
<tr>
<td>Tests passed/Failed/Skipped:</td><td>17/1/0</td>
</tr><tr>
<td>Started on:</td><td>Fri Jul 08 12:02:59 IST 2022</td>
</tr>
<tr><td>Total time:</td><td>213 seconds (213785 ms)</td>
</tr><tr>
<td>Included groups:</td><td></td>
</tr><tr>
<td>Excluded groups:</td><td></td>
</tr>
</table><p/>
<small><i>(Hover the method name to see the test class name)</i></small><p/>
<table width='100%' border='1' class='invocation-failed'>
<tr><td colspan='4' align='center'><b>FAILED TESTS</b></td></tr>
<tr><td><b>Test method</b></td>
<td width="30%"><b>Exception</b></td>
<td width="10%"><b>Time (seconds)</b></td>
<td><b>Instance</b></td>
</tr>
<tr>
<td title='runner.MyRunner.runScenario()'><b>runScenario</b><br>Test class: runner.MyRunner<br>Test method: Runs Cucumber Scenarios<br>Parameters: "As a customer I want to Add the product From WishList to ShoppingCart", "Application ShoppingCart"</td>
<td><div><pre>org.openqa.selenium.ElementClickInterceptedException: element click intercepted: Element &lt;a href=&quot;http://tutorialsninja.com/demo/index.php?route=account/wishlist&quot;&gt;...&lt;/a&gt; is not clickable at point (329, 8). Other element would receive the click: &lt;div class=&quot;container&quot;&gt;...&lt;/div&gt;
  (Session info: chrome=103.0.5060.114)
Build info: version: &apos;4.2.2&apos;, revision: &apos;683ccb65d6&apos;
System info: host: &apos;LIN22004208&apos;, ip: &apos;192.168.43.11&apos;, os.name: &apos;Windows 10&apos;, os.arch: &apos;amd64&apos;, os.version: &apos;10.0&apos;, java.version: &apos;18.0.1&apos;
Driver info: org.openqa.selenium.chrome.ChromeDriver
Command: [cdb3bdfc7b84aedbf1fc9a908c194cdf, clickElement {id=dc25ddbf-c90d-4749-b641-cbd0924a8906}]
Capabilities {acceptInsecureCerts: false, browserName: chrome, browserVersion: 103.0.5060.114, chrome: {chromedriverVersion: 103.0.5060.53 (a1711811edd7..., userDataDir: C:\Users\SHUKATKA\AppData\L...}, goog:chromeOptions: {debuggerAddress: localhost:52993}, networkConnectionEnabled: false, pageLoadStrategy: normal, platformName: WINDOWS, proxy: Proxy(), se:cdp: ws://localhost:52993/devtoo..., se:cdpVersion: 103.0.5060.114, setWindowRect: true, strictFileInteractability: false, timeouts: {implicit: 0, pageLoad: 300000, script: 30000}, unhandledPromptBehavior: dismiss and notify, webauthn:extension:credBlob: true, webauthn:extension:largeBlob: true, webauthn:virtualAuthenticators: true}
Element: [[ChromeDriver: chrome on WINDOWS (cdb3bdfc7b84aedbf1fc9a908c194cdf)] -&gt; link text: wish list]
Session ID: cdb3bdfc7b84aedbf1fc9a908c194cdf
	at java.base/jdk.internal.reflect.DirectConstructorHandleAccessor.newInstance(DirectConstructorHandleAccessor.java:67)
	at java.base/java.lang.reflect.Constructor.newInstanceWithCaller(Constructor.java:499)
	at java.base/java.lang.reflect.Constructor.newInstance(Constructor.java:483)
	at org.openqa.selenium.remote.codec.w3c.W3CHttpResponseCodec.createException(W3CHttpResponseCodec.java:200)
	at org.openqa.selenium.remote.codec.w3c.W3CHttpResponseCodec.decode(W3CHttpResponseCodec.java:133)
	at org.openqa.selenium.remote.codec.w3c.W3CHttpResponseCodec.decode(W3CHttpResponseCodec.java:53)
	at org.openqa.selenium.remote.HttpCommandExecutor.execute(HttpCommandExecutor.java:184)
	at org.openqa.selenium.remote.service.DriverCommandExecutor.invokeExecute(DriverCommandExecutor.java:167)
	at org.openqa.selenium.remote.service.DriverCommandExecutor.execute(DriverCommandExecutor.java:142)
	at org.openqa.selenium.remote.RemoteWebDriver.execute(RemoteWebDriver.java:588)
	at org.openqa.selenium.remote.RemoteWebElement.execute(RemoteWebElement.java:257)
	at org.openqa.selenium.remote.RemoteWebElement.click(RemoteWebElement.java:78)
	at java.base/jdk.internal.reflect.DirectMethodHandleAccessor.invoke(DirectMethodHandleAccessor.java:104)
	at java.base/java.lang.reflect.Method.invoke(Method.java:577)
	at org.openqa.selenium.support.pagefactory.internal.LocatingElementHandler.invoke(LocatingElementHandler.java:52)
	at jdk.proxy2/jdk.proxy2.$Proxy28.click(Unknown Source)
	at pageobjects.SearchResultsPage.ClickOnToWishListonSearchPage(SearchResultsPage.java:99)
	at stepdefinitions.ShoppingCartTest.click_on_wishlist_option_on_the_search_page(ShoppingCartTest.java:69)
	at ✽.Click on Wishlist Option On the Search page(file:///C:/Users/SHUKATKA/Desktop/Sprint/Sprint2%20Project/SeleniumAutomationOpenCartApplication/src/test/java/features/ShoppingCart.feature:24)
</pre></div><a href='#' onClick='toggleBox("stack-trace2084116799", this, "Click to show all stack frames", "Click to hide stack frames")'>Click to show all stack frames</a>
<div class='stack-trace' id='stack-trace2084116799'><pre>org.openqa.selenium.ElementClickInterceptedException: element click intercepted: Element &lt;a href=&quot;http://tutorialsninja.com/demo/index.php?route=account/wishlist&quot;&gt;...&lt;/a&gt; is not clickable at point (329, 8). Other element would receive the click: &lt;div class=&quot;container&quot;&gt;...&lt;/div&gt;
  (Session info: chrome=103.0.5060.114)
Build info: version: &apos;4.2.2&apos;, revision: &apos;683ccb65d6&apos;
System info: host: &apos;LIN22004208&apos;, ip: &apos;192.168.43.11&apos;, os.name: &apos;Windows 10&apos;, os.arch: &apos;amd64&apos;, os.version: &apos;10.0&apos;, java.version: &apos;18.0.1&apos;
Driver info: org.openqa.selenium.chrome.ChromeDriver
Command: [cdb3bdfc7b84aedbf1fc9a908c194cdf, clickElement {id=dc25ddbf-c90d-4749-b641-cbd0924a8906}]
Capabilities {acceptInsecureCerts: false, browserName: chrome, browserVersion: 103.0.5060.114, chrome: {chromedriverVersion: 103.0.5060.53 (a1711811edd7..., userDataDir: C:\Users\SHUKATKA\AppData\L...}, goog:chromeOptions: {debuggerAddress: localhost:52993}, networkConnectionEnabled: false, pageLoadStrategy: normal, platformName: WINDOWS, proxy: Proxy(), se:cdp: ws://localhost:52993/devtoo..., se:cdpVersion: 103.0.5060.114, setWindowRect: true, strictFileInteractability: false, timeouts: {implicit: 0, pageLoad: 300000, script: 30000}, unhandledPromptBehavior: dismiss and notify, webauthn:extension:credBlob: true, webauthn:extension:largeBlob: true, webauthn:virtualAuthenticators: true}
Element: [[ChromeDriver: chrome on WINDOWS (cdb3bdfc7b84aedbf1fc9a908c194cdf)] -&gt; link text: wish list]
Session ID: cdb3bdfc7b84aedbf1fc9a908c194cdf
	at java.base/jdk.internal.reflect.DirectConstructorHandleAccessor.newInstance(DirectConstructorHandleAccessor.java:67)
	at java.base/java.lang.reflect.Constructor.newInstanceWithCaller(Constructor.java:499)
	at java.base/java.lang.reflect.Constructor.newInstance(Constructor.java:483)
	at org.openqa.selenium.remote.codec.w3c.W3CHttpResponseCodec.createException(W3CHttpResponseCodec.java:200)
	at org.openqa.selenium.remote.codec.w3c.W3CHttpResponseCodec.decode(W3CHttpResponseCodec.java:133)
	at org.openqa.selenium.remote.codec.w3c.W3CHttpResponseCodec.decode(W3CHttpResponseCodec.java:53)
	at org.openqa.selenium.remote.HttpCommandExecutor.execute(HttpCommandExecutor.java:184)
	at org.openqa.selenium.remote.service.DriverCommandExecutor.invokeExecute(DriverCommandExecutor.java:167)
	at org.openqa.selenium.remote.service.DriverCommandExecutor.execute(DriverCommandExecutor.java:142)
	at org.openqa.selenium.remote.RemoteWebDriver.execute(RemoteWebDriver.java:588)
	at org.openqa.selenium.remote.RemoteWebElement.execute(RemoteWebElement.java:257)
	at org.openqa.selenium.remote.RemoteWebElement.click(RemoteWebElement.java:78)
	at java.base/jdk.internal.reflect.DirectMethodHandleAccessor.invoke(DirectMethodHandleAccessor.java:104)
	at java.base/java.lang.reflect.Method.invoke(Method.java:577)
	at org.openqa.selenium.support.pagefactory.internal.LocatingElementHandler.invoke(LocatingElementHandler.java:52)
	at jdk.proxy2/jdk.proxy2.$Proxy28.click(Unknown Source)
	at pageobjects.SearchResultsPage.ClickOnToWishListonSearchPage(SearchResultsPage.java:99)
	at stepdefinitions.ShoppingCartTest.click_on_wishlist_option_on_the_search_page(ShoppingCartTest.java:69)
	at ✽.Click on Wishlist Option On the Search page(file:///C:/Users/SHUKATKA/Desktop/Sprint/Sprint2%20Project/SeleniumAutomationOpenCartApplication/src/test/java/features/ShoppingCart.feature:24)
</pre></div></td>
<td>8</td>
<td>runner.MyRunner@2e385cce</td></tr>
</table><p>
<table width='100%' border='1' class='invocation-passed'>
<tr><td colspan='4' align='center'><b>PASSED TESTS</b></td></tr>
<tr><td><b>Test method</b></td>
<td width="30%"><b>Exception</b></td>
<td width="10%"><b>Time (seconds)</b></td>
<td><b>Instance</b></td>
</tr>
<tr>
<td title='runner.MyRunner.runScenario()'><b>runScenario</b><br>Test class: runner.MyRunner<br>Test method: Runs Cucumber Scenarios<br>Parameters: "Login with invalid username and valid password", "Application Login"</td>
<td></td>
<td>5</td>
<td>runner.MyRunner@2e385cce</td></tr>
<tr>
<td title='runner.MyRunner.runScenario()'><b>runScenario</b><br>Test class: runner.MyRunner<br>Test method: Runs Cucumber Scenarios<br>Parameters: "checkout the products as a guest user with ivalid delivery details", "Application Checkout"</td>
<td></td>
<td>34</td>
<td>runner.MyRunner@2e385cce</td></tr>
<tr>
<td title='runner.MyRunner.runScenario()'><b>runScenario</b><br>Test class: runner.MyRunner<br>Test method: Runs Cucumber Scenarios<br>Parameters: "RegisterWithMandatoryFields", "Application Register Account"</td>
<td></td>
<td>8</td>
<td>runner.MyRunner@2e385cce</td></tr>
<tr>
<td title='runner.MyRunner.runScenario()'><b>runScenario</b><br>Test class: runner.MyRunner<br>Test method: Runs Cucumber Scenarios<br>Parameters: "checkout the products as a guest user", "Application Checkout"</td>
<td></td>
<td>35</td>
<td>runner.MyRunner@2e385cce</td></tr>
<tr>
<td title='runner.MyRunner.runScenario()'><b>runScenario</b><br>Test class: runner.MyRunner<br>Test method: Runs Cucumber Scenarios<br>Parameters: "searchWithoutAnyProduct", "Application Search Products"</td>
<td></td>
<td>4</td>
<td>runner.MyRunner@2e385cce</td></tr>
<tr>
<td title='runner.MyRunner.runScenario()'><b>runScenario</b><br>Test class: runner.MyRunner<br>Test method: Runs Cucumber Scenarios<br>Parameters: "Login with valid credentials", "Application Login"</td>
<td></td>
<td>5</td>
<td>runner.MyRunner@2e385cce</td></tr>
<tr>
<td title='runner.MyRunner.runScenario()'><b>runScenario</b><br>Test class: runner.MyRunner<br>Test method: Runs Cucumber Scenarios<br>Parameters: "As a customer I want to navigate to Shopping cart page", "Application ShoppingCart"</td>
<td></td>
<td>4</td>
<td>runner.MyRunner@2e385cce</td></tr>
<tr>
<td title='runner.MyRunner.runScenario()'><b>runScenario</b><br>Test class: runner.MyRunner<br>Test method: Runs Cucumber Scenarios<br>Parameters: "searchWithValidProduct", "Application Search Products"</td>
<td></td>
<td>4</td>
<td>runner.MyRunner@2e385cce</td></tr>
<tr>
<td title='runner.MyRunner.runScenario()'><b>runScenario</b><br>Test class: runner.MyRunner<br>Test method: Runs Cucumber Scenarios<br>Parameters: "As a customer I want to Add the product to Shopping cart", "Application ShoppingCart"</td>
<td></td>
<td>5</td>
<td>runner.MyRunner@2e385cce</td></tr>
<tr>
<td title='runner.MyRunner.runScenario()'><b>runScenario</b><br>Test class: runner.MyRunner<br>Test method: Runs Cucumber Scenarios<br>Parameters: "RegisterWithAllFields", "Application Register Account"</td>
<td></td>
<td>7</td>
<td>runner.MyRunner@2e385cce</td></tr>
<tr>
<td title='runner.MyRunner.runScenario()'><b>runScenario</b><br>Test class: runner.MyRunner<br>Test method: Runs Cucumber Scenarios<br>Parameters: "Verify navigating to Home page from any page of the Applcation using Logo.", "Application HomePage"</td>
<td></td>
<td>5</td>
<td>runner.MyRunner@2e385cce</td></tr>
<tr>
<td title='runner.MyRunner.runScenario()'><b>runScenario</b><br>Test class: runner.MyRunner<br>Test method: Runs Cucumber Scenarios<br>Parameters: "banner image is clickble", "Application HomePage"</td>
<td></td>
<td>5</td>
<td>runner.MyRunner@2e385cce</td></tr>
<tr>
<td title='runner.MyRunner.runScenario()'><b>runScenario</b><br>Test class: runner.MyRunner<br>Test method: Runs Cucumber Scenarios<br>Parameters: "searchWithInValidProduct", "Application Search Products"</td>
<td></td>
<td>4</td>
<td>runner.MyRunner@2e385cce</td></tr>
<tr>
<td title='runner.MyRunner.runScenario()'><b>runScenario</b><br>Test class: runner.MyRunner<br>Test method: Runs Cucumber Scenarios<br>Parameters: "checkout the products as a guest user with no deliverydetails filled", "Application Checkout"</td>
<td></td>
<td>26</td>
<td>runner.MyRunner@2e385cce</td></tr>
<tr>
<td title='runner.MyRunner.runScenario()'><b>runScenario</b><br>Test class: runner.MyRunner<br>Test method: Runs Cucumber Scenarios<br>Parameters: "Ordering Products is Displayed in Order History", "Application Ordering Products"</td>
<td></td>
<td>34</td>
<td>runner.MyRunner@2e385cce</td></tr>
<tr>
<td title='runner.MyRunner.runScenario()'><b>runScenario</b><br>Test class: runner.MyRunner<br>Test method: Runs Cucumber Scenarios<br>Parameters: "Login with valid username and invalid password", "Application Login"</td>
<td></td>
<td>5</td>
<td>runner.MyRunner@2e385cce</td></tr>
<tr>
<td title='runner.MyRunner.runScenario()'><b>runScenario</b><br>Test class: runner.MyRunner<br>Test method: Runs Cucumber Scenarios<br>Parameters: "RegisterWithAlreadyRegisteredEmailAddress", "Application Register Account"</td>
<td></td>
<td>5</td>
<td>runner.MyRunner@2e385cce</td></tr>
</table><p>
</body>
</html>