<?xml version="1.0" encoding="UTF-8"?>
<!-- Generated by org.testng.reporters.JUnitReportReporter -->
<testsuite hostname="LIN22004208" failures="0" tests="18" name="runner.MyRunner" time="212.906" errors="1" timestamp="2022-07-08T12:06:33 IST" skipped="0">
  <testcase classname="runner.MyRunner" name="runScenario" time="5.393"/>
  <system-out/>
  <testcase classname="runner.MyRunner" name="runScenario" time="8.376">
    <error message="element click intercepted: Element &lt;a href=&quot;http://tutorialsninja.com/demo/index.php?route=account/wishlist&quot;&gt;...&lt;/a&gt; is not clickable at point (329, 8). Other element would receive the click: &lt;div class=&quot;container&quot;&gt;...&lt;/div&gt;
  (Session info: chrome=103.0.5060.114)
Build info: version: &#039;4.2.2&#039;, revision: &#039;683ccb65d6&#039;
System info: host: &#039;LIN22004208&#039;, ip: &#039;192.168.43.11&#039;, os.name: &#039;Windows 10&#039;, os.arch: &#039;amd64&#039;, os.version: &#039;10.0&#039;, java.version: &#039;18.0.1&#039;
Driver info: org.openqa.selenium.chrome.ChromeDriver
Command: [cdb3bdfc7b84aedbf1fc9a908c194cdf, clickElement {id=dc25ddbf-c90d-4749-b641-cbd0924a8906}]
Capabilities {acceptInsecureCerts: false, browserName: chrome, browserVersion: 103.0.5060.114, chrome: {chromedriverVersion: 103.0.5060.53 (a1711811edd7..., userDataDir: C:\Users\SHUKATKA\AppData\L...}, goog:chromeOptions: {debuggerAddress: localhost:52993}, networkConnectionEnabled: false, pageLoadStrategy: normal, platformName: WINDOWS, proxy: Proxy(), se:cdp: ws://localhost:52993/devtoo..., se:cdpVersion: 103.0.5060.114, setWindowRect: true, strictFileInteractability: false, timeouts: {implicit: 0, pageLoad: 300000, script: 30000}, unhandledPromptBehavior: dismiss and notify, webauthn:extension:credBlob: true, webauthn:extension:largeBlob: true, webauthn:virtualAuthenticators: true}
Element: [[ChromeDriver: chrome on WINDOWS (cdb3bdfc7b84aedbf1fc9a908c194cdf)] -&gt; link text: wish list]
Session ID: cdb3bdfc7b84aedbf1fc9a908c194cdf" type="org.openqa.selenium.ElementClickInterceptedException">
      <![CDATA[org.openqa.selenium.ElementClickInterceptedException: element click intercepted: Element <a href="http://tutorialsninja.com/demo/index.php?route=account/wishlist">...</a> is not clickable at point (329, 8). Other element would receive the click: <div class="container">...</div>
  (Session info: chrome=103.0.5060.114)
Build info: version: '4.2.2', revision: '683ccb65d6'
System info: host: 'LIN22004208', ip: '192.168.43.11', os.name: 'Windows 10', os.arch: 'amd64', os.version: '10.0', java.version: '18.0.1'
Driver info: org.openqa.selenium.chrome.ChromeDriver
Command: [cdb3bdfc7b84aedbf1fc9a908c194cdf, clickElement {id=dc25ddbf-c90d-4749-b641-cbd0924a8906}]
Capabilities {acceptInsecureCerts: false, browserName: chrome, browserVersion: 103.0.5060.114, chrome: {chromedriverVersion: 103.0.5060.53 (a1711811edd7..., userDataDir: C:\Users\SHUKATKA\AppData\L...}, goog:chromeOptions: {debuggerAddress: localhost:52993}, networkConnectionEnabled: false, pageLoadStrategy: normal, platformName: WINDOWS, proxy: Proxy(), se:cdp: ws://localhost:52993/devtoo..., se:cdpVersion: 103.0.5060.114, setWindowRect: true, strictFileInteractability: false, timeouts: {implicit: 0, pageLoad: 300000, script: 30000}, unhandledPromptBehavior: dismiss and notify, webauthn:extension:credBlob: true, webauthn:extension:largeBlob: true, webauthn:virtualAuthenticators: true}
Element: [[ChromeDriver: chrome on WINDOWS (cdb3bdfc7b84aedbf1fc9a908c194cdf)] -> link text: wish list]
Session ID: cdb3bdfc7b84aedbf1fc9a908c194cdf
at java.base/jdk.internal.reflect.DirectConstructorHandleAccessor.newInstance(DirectConstructorHandleAccessor.java:67)
at java.base/java.lang.reflect.Constructor.newInstanceWithCaller(Constructor.java:499)
at java.base/java.lang.reflect.Constructor.newInstance(Constructor.java:483)
at org.openqa.selenium.remote.codec.w3c.W3CHttpResponseCodec.createException(W3CHttpResponseCodec.java:200)
at org.openqa.selenium.remote.codec.w3c.W3CHttpResponseCodec.decode(W3CHttpResponseCodec.java:133)
at org.openqa.selenium.remote.codec.w3c.W3CHttpResponseCodec.decode(W3CHttpResponseCodec.java:53)
at org.openqa.selenium.remote.HttpCommandExecutor.execute(HttpCommandExecutor.java:184)
at org.openqa.selenium.remote.service.DriverCommandExecutor.invokeExecute(DriverCommandExecutor.java:167)
at org.openqa.selenium.remote.service.DriverCommandExecutor.execute(DriverCommandExecutor.java:142)
at org.openqa.selenium.remote.RemoteWebDriver.execute(RemoteWebDriver.java:588)
at org.openqa.selenium.remote.RemoteWebElement.execute(RemoteWebElement.java:257)
at org.openqa.selenium.remote.RemoteWebElement.click(RemoteWebElement.java:78)
at java.base/jdk.internal.reflect.DirectMethodHandleAccessor.invoke(DirectMethodHandleAccessor.java:104)
at java.base/java.lang.reflect.Method.invoke(Method.java:577)
at org.openqa.selenium.support.pagefactory.internal.LocatingElementHandler.invoke(LocatingElementHandler.java:52)
at jdk.proxy2/jdk.proxy2.$Proxy28.click(Unknown Source)
at pageobjects.SearchResultsPage.ClickOnToWishListonSearchPage(SearchResultsPage.java:99)
at stepdefinitions.ShoppingCartTest.click_on_wishlist_option_on_the_search_page(ShoppingCartTest.java:69)
at âœ½.Click on Wishlist Option On the Search page(file:///C:/Users/SHUKATKA/Desktop/Sprint/Sprint2%20Project/SeleniumAutomationOpenCartApplication/src/test/java/features/ShoppingCart.feature:24)
]]>
    </error>
  </testcase> <!-- runScenario -->
  <system-out/>
  <testcase classname="runner.MyRunner" name="runScenario" time="34.492"/>
  <system-out/>
  <testcase classname="runner.MyRunner" name="runScenario" time="8.870"/>
  <system-out/>
  <testcase classname="runner.MyRunner" name="runScenario" time="35.212"/>
  <system-out/>
  <testcase classname="runner.MyRunner" name="runScenario" time="4.661"/>
  <system-out/>
  <testcase classname="runner.MyRunner" name="runScenario" time="5.702"/>
  <system-out/>
  <testcase classname="runner.MyRunner" name="runScenario" time="4.551"/>
  <system-out/>
  <testcase classname="runner.MyRunner" name="runScenario" time="4.527"/>
  <system-out/>
  <testcase classname="runner.MyRunner" name="runScenario" time="5.473"/>
  <system-out/>
  <testcase classname="runner.MyRunner" name="runScenario" time="7.827"/>
  <system-out/>
  <testcase classname="runner.MyRunner" name="runScenario" time="5.422"/>
  <system-out/>
  <testcase classname="runner.MyRunner" name="runScenario" time="5.075"/>
  <system-out/>
  <testcase classname="runner.MyRunner" name="runScenario" time="4.725"/>
  <system-out/>
  <testcase classname="runner.MyRunner" name="runScenario" time="26.215"/>
  <system-out/>
  <testcase classname="runner.MyRunner" name="runScenario" time="34.794"/>
  <system-out/>
  <testcase classname="runner.MyRunner" name="runScenario" time="5.726"/>
  <system-out/>
  <testcase classname="runner.MyRunner" name="runScenario" time="5.865"/>
  <system-out/>
</testsuite> <!-- runner.MyRunner -->
